#
# There is insufficient memory for the Java Runtime Environment to continue.
# Native memory allocation (malloc) failed to allocate 1048576 bytes for AllocateHeap
# Possible reasons:
#   The system is out of physical RAM or swap space
#   The process is running with CompressedOops enabled, and the Java Heap may be blocking the growth of the native heap
# Possible solutions:
#   Reduce memory load on the system
#   Increase physical memory or swap space
#   Check if swap backing store is full
#   Decrease Java heap size (-Xmx/-Xms)
#   Decrease number of Java threads
#   Decrease Java thread stack sizes (-Xss)
#   Set larger code cache with -XX:ReservedCodeCacheSize=
#   JVM is running with Unscaled Compressed Oops mode in which the Java heap is
#     placed in the first 4GB address space. The Java Heap base address is the
#     maximum limit for the native heap growth. Please use -XX:HeapBaseMinAddress
#     to set the Java Heap base and to place the Java Heap above 4GB virtual address.
# This output file may be truncated or incomplete.
#
#  Out of Memory Error (allocation.cpp:44), pid=8932, tid=17188
#
# JRE version:  (17.0.9+9) (build )
# Java VM: OpenJDK 64-Bit Server VM (17.0.9+9, mixed mode, sharing, tiered, compressed oops, compressed class ptrs, g1 gc, windows-amd64)
# No core dump will be written. Minidumps are not enabled by default on client versions of Windows
#

---------------  S U M M A R Y ------------

Command Line: 

Host: Intel(R) Core(TM) i5-1035G1 CPU @ 1.00GHz, 8 cores, 7G,  Windows 11 , 64 bit Build 22621 (10.0.22621.4391)
Time: Fri Jan  3 23:45:47 2025 Türkiye Standart Saati elapsed time: 0.035402 seconds (0d 0h 0m 0s)

---------------  T H R E A D  ---------------

Current thread (0x000001891726b920):  JavaThread "Unknown thread" [_thread_in_vm, id=17188, stack(0x0000007fb3f00000,0x0000007fb4000000)]

Stack: [0x0000007fb3f00000,0x0000007fb4000000]
Native frames: (J=compiled Java code, j=interpreted, Vv=VM code, C=native code)
V  [jvm.dll+0x67cf49]
V  [jvm.dll+0x83478a]
V  [jvm.dll+0x83624e]
V  [jvm.dll+0x8368b3]
V  [jvm.dll+0x247f1f]
V  [jvm.dll+0xa6b4b]
V  [jvm.dll+0x2da614]
V  [jvm.dll+0x805ffc]
V  [jvm.dll+0x36cf31]
V  [jvm.dll+0x7e4aac]
V  [jvm.dll+0x3f07af]
V  [jvm.dll+0x3f23e1]
C  [jli.dll+0x528f]
C  [ucrtbase.dll+0x29333]
C  [KERNEL32.DLL+0x1259d]
C  [ntdll.dll+0x5af38]


---------------  P R O C E S S  ---------------

Threads class SMR info:
_java_thread_list=0x00007ffe469aee98, length=0, elements={
}

Java Threads: ( => current thread )

Other Threads:

=>0x000001891726b920 (exited) JavaThread "Unknown thread" [_thread_in_vm, id=17188, stack(0x0000007fb3f00000,0x0000007fb4000000)]

Threads with active compile tasks:

VM state: not at safepoint (not fully initialized)

VM Mutex/Monitor currently owned by a thread: None

Heap address: 0x0000000000000000, size: 0 MB, Compressed Oops mode: 32-bit

CDS archive(s) mapped at: [0x0000000000000000-0x0000000000000000-0x0000000000000000), size 0, SharedBaseAddress: 0x0000000800000000, ArchiveRelocationMode: 1.
Narrow klass base: 0x0000000000000000, Narrow klass shift: 0, Narrow klass range: 0x0

GC Precious Log:
<Empty>

GC Heap History (0 events):
No events

Dll operation events (1 events):
Event: 0.022 Loaded shared library C:\Program Files\Unity\Hub\Editor\6000.0.4f1\Editor\Data\PlaybackEngines\AndroidPlayer\OpenJDK\bin\java.dll

Deoptimization events (0 events):
No events

Classes unloaded (0 events):
No events

Classes redefined (0 events):
No events

Internal exceptions (0 events):
No events

VM Operations (0 events):
No events

Events (0 events):
No events


Dynamic libraries:
0x00007ff621a10000 - 0x00007ff621a1e000 	C:\Program Files\Unity\Hub\Editor\6000.0.4f1\Editor\Data\PlaybackEngines\AndroidPlayer\OpenJDK\bin\java.exe
0x00007fff46cb0000 - 0x00007fff46ec7000 	C:\WINDOWS\SYSTEM32\ntdll.dll
0x00007fff46060000 - 0x00007fff46124000 	C:\WINDOWS\System32\KERNEL32.DLL
0x00007fff44170000 - 0x00007fff4452a000 	C:\WINDOWS\System32\KERNELBASE.dll
0x00007fff44760000 - 0x00007fff44871000 	C:\WINDOWS\System32\ucrtbase.dll
0x00007fff30840000 - 0x00007fff30857000 	C:\Program Files\Unity\Hub\Editor\6000.0.4f1\Editor\Data\PlaybackEngines\AndroidPlayer\OpenJDK\bin\jli.dll
0x00007fff30820000 - 0x00007fff3083b000 	C:\Program Files\Unity\Hub\Editor\6000.0.4f1\Editor\Data\PlaybackEngines\AndroidPlayer\OpenJDK\bin\VCRUNTIME140.dll
0x00007fff44dc0000 - 0x00007fff44f6e000 	C:\WINDOWS\System32\USER32.dll
0x00007fff35700000 - 0x00007fff35992000 	C:\WINDOWS\WinSxS\amd64_microsoft.windows.common-controls_6595b64144ccf1df_6.0.22621.4541_none_2710d1c57384c085\COMCTL32.dll
0x00007fff44980000 - 0x00007fff449a6000 	C:\WINDOWS\System32\win32u.dll
0x00007fff44a00000 - 0x00007fff44aa7000 	C:\WINDOWS\System32\msvcrt.dll
0x00007fff44d90000 - 0x00007fff44db9000 	C:\WINDOWS\System32\GDI32.dll
0x00007fff43f80000 - 0x00007fff4409b000 	C:\WINDOWS\System32\gdi32full.dll
0x00007fff440d0000 - 0x00007fff4416a000 	C:\WINDOWS\System32\msvcp_win.dll
0x00007fff45860000 - 0x00007fff45891000 	C:\WINDOWS\System32\IMM32.DLL
0x00007fff30810000 - 0x00007fff3081c000 	C:\Program Files\Unity\Hub\Editor\6000.0.4f1\Editor\Data\PlaybackEngines\AndroidPlayer\OpenJDK\bin\vcruntime140_1.dll
0x00007ffe56dc0000 - 0x00007ffe56e4d000 	C:\Program Files\Unity\Hub\Editor\6000.0.4f1\Editor\Data\PlaybackEngines\AndroidPlayer\OpenJDK\bin\msvcp140.dll
0x00007ffe45e80000 - 0x00007ffe46ae1000 	C:\Program Files\Unity\Hub\Editor\6000.0.4f1\Editor\Data\PlaybackEngines\AndroidPlayer\OpenJDK\bin\server\jvm.dll
0x00007fff457a0000 - 0x00007fff45852000 	C:\WINDOWS\System32\ADVAPI32.dll
0x00007fff44b40000 - 0x00007fff44be7000 	C:\WINDOWS\System32\sechost.dll
0x00007fff440a0000 - 0x00007fff440c8000 	C:\WINDOWS\System32\bcrypt.dll
0x00007fff44c70000 - 0x00007fff44d84000 	C:\WINDOWS\System32\RPCRT4.dll
0x00007fff268e0000 - 0x00007fff268e9000 	C:\WINDOWS\SYSTEM32\WSOCK32.dll
0x00007fff43340000 - 0x00007fff4338d000 	C:\WINDOWS\SYSTEM32\POWRPROF.dll
0x00007fff3fbc0000 - 0x00007fff3fbf4000 	C:\WINDOWS\SYSTEM32\WINMM.dll
0x00007fff40350000 - 0x00007fff4035a000 	C:\WINDOWS\SYSTEM32\VERSION.dll
0x00007fff44bf0000 - 0x00007fff44c61000 	C:\WINDOWS\System32\WS2_32.dll
0x00007fff432f0000 - 0x00007fff43303000 	C:\WINDOWS\SYSTEM32\UMPDC.dll
0x00007fff43030000 - 0x00007fff43048000 	C:\WINDOWS\SYSTEM32\kernel.appcore.dll
0x00007ffec4c70000 - 0x00007ffec4c7a000 	C:\Program Files\Unity\Hub\Editor\6000.0.4f1\Editor\Data\PlaybackEngines\AndroidPlayer\OpenJDK\bin\jimage.dll
0x00007fff41a50000 - 0x00007fff41c82000 	C:\WINDOWS\SYSTEM32\DBGHELP.DLL
0x00007fff45410000 - 0x00007fff4579f000 	C:\WINDOWS\System32\combase.dll
0x00007fff462b0000 - 0x00007fff46387000 	C:\WINDOWS\System32\OLEAUT32.dll
0x00007fff1cf40000 - 0x00007fff1cf72000 	C:\WINDOWS\SYSTEM32\dbgcore.DLL
0x00007fff44880000 - 0x00007fff448fb000 	C:\WINDOWS\System32\bcryptPrimitives.dll
0x00007ffe63a10000 - 0x00007ffe63a35000 	C:\Program Files\Unity\Hub\Editor\6000.0.4f1\Editor\Data\PlaybackEngines\AndroidPlayer\OpenJDK\bin\java.dll

dbghelp: loaded successfully - version: 4.0.5 - missing functions: none
symbol engine: initialized successfully - sym options: 0x614 - pdb path: .;C:\Program Files\Unity\Hub\Editor\6000.0.4f1\Editor\Data\PlaybackEngines\AndroidPlayer\OpenJDK\bin;C:\WINDOWS\SYSTEM32;C:\WINDOWS\WinSxS\amd64_microsoft.windows.common-controls_6595b64144ccf1df_6.0.22621.4541_none_2710d1c57384c085;C:\Program Files\Unity\Hub\Editor\6000.0.4f1\Editor\Data\PlaybackEngines\AndroidPlayer\OpenJDK\bin\server

VM Arguments:
java_command: <unknown>
java_class_path (initial): <not set>
Launcher Type: SUN_STANDARD

[Global flags]
     intx CICompilerCount                          = 4                                         {product} {ergonomic}
     uint ConcGCThreads                            = 2                                         {product} {ergonomic}
     uint G1ConcRefinementThreads                  = 8                                         {product} {ergonomic}
   size_t G1HeapRegionSize                         = 1048576                                   {product} {ergonomic}
    uintx GCDrainStackTargetSize                   = 64                                        {product} {ergonomic}
   size_t InitialHeapSize                          = 132120576                                 {product} {ergonomic}
   size_t MarkStackSize                            = 4194304                                   {product} {ergonomic}
   size_t MaxHeapSize                              = 2095054848                                {product} {ergonomic}
   size_t MinHeapDeltaBytes                        = 1048576                                   {product} {ergonomic}
   size_t MinHeapSize                              = 8388608                                   {product} {ergonomic}
    uintx NonNMethodCodeHeapSize                   = 5839372                                {pd product} {ergonomic}
    uintx NonProfiledCodeHeapSize                  = 122909434                              {pd product} {ergonomic}
    uintx ProfiledCodeHeapSize                     = 122909434                              {pd product} {ergonomic}
    uintx ReservedCodeCacheSize                    = 251658240                              {pd product} {ergonomic}
     bool SegmentedCodeCache                       = true                                      {product} {ergonomic}
   size_t SoftMaxHeapSize                          = 2095054848                             {manageable} {ergonomic}
     bool UseCompressedClassPointers               = true                           {product lp64_product} {ergonomic}
     bool UseCompressedOops                        = true                           {product lp64_product} {ergonomic}
     bool UseG1GC                                  = true                                      {product} {ergonomic}
     bool UseLargePagesIndividualAllocation        = false                                  {pd product} {ergonomic}

Logging:
Log output configuration:
 #0: stdout all=warning uptime,level,tags
 #1: stderr all=off uptime,level,tags

Environment Variables:
JAVA_HOME=C:/Program Files/Unity/Hub/Editor/6000.0.4f1/Editor/Data/PlaybackEngines/AndroidPlayer\OpenJDK
PATH=C:\Program Files\Eclipse Adoptium\jdk-17.0.8.7-hotspot\bin;C:\WINDOWS\system32;C:\WINDOWS;C:\WINDOWS\System32\Wbem;C:\WINDOWS\System32\WindowsPowerShell\v1.0\;C:\WINDOWS\System32\OpenSSH\;C:\Program Files\dotnet\;C:\Program Files\Git\cmd;C:\Program Files\nodejs\;C:\Program Files\Git LFS;C:\Users\Beyzanur\AppData\Local\Programs\Python\Python312\Scripts\;C:\Users\Beyzanur\AppData\Local\Programs\Python\Python312\;C:\Users\Beyzanur\AppData\Local\Microsoft\WindowsApps;C:\Users\Beyzanur\AppData\Local\GitHubDesktop\bin;C:\Users\Beyzanur\AppData\Local\Programs\Microsoft VS Code\bin;C:\Users\Beyzanur\.dotnet\tools;C:\Users\Beyzanur\AppData\Roaming\npm;C:\Users\Beyzanur\anaconda3;C:\Users\Beyzanur\anaconda3\Library\bin;C:\Users\Beyzanur\anaconda3\Scripts;
USERNAME=Beyzanur
OS=Windows_NT
PROCESSOR_IDENTIFIER=Intel64 Family 6 Model 126 Stepping 5, GenuineIntel
TMP=C:\Users\Beyzanur\AppData\Local\Temp
TEMP=C:\Users\Beyzanur\AppData\Local\Temp



Periodic native trim disabled


---------------  S Y S T E M  ---------------

OS:
 Windows 11 , 64 bit Build 22621 (10.0.22621.4391)
OS uptime: 1 days 6:28 hours

CPU: total 8 (initial active 8) (4 cores per cpu, 2 threads per core) family 6 model 126 stepping 5 microcode 0x86, cx8, cmov, fxsr, ht, mmx, 3dnowpref, sse, sse2, sse3, ssse3, sse4.1, sse4.2, popcnt, lzcnt, tsc, tscinvbit, avx, avx2, aes, erms, clmul, bmi1, bmi2, adx, avx512f, avx512dq, avx512cd, avx512bw, avx512vl, sha, fma, vzeroupper, avx512_vpopcntdq, avx512_vpclmulqdq, avx512_vaes, avx512_vnni, clflush, clflushopt, avx512_vbmi2, avx512_vbmi
Processor Information for all 8 processors :
  Max Mhz: 1190, Current Mhz: 991, Mhz Limit: 987

Memory: 4k page, system-wide physical 7987M (497M free)
TotalPageFile size 18855M (AvailPageFile size 6M)
current process WorkingSet (physical memory assigned to process): 10M, peak: 10M
current process commit charge ("private bytes"): 16M, peak: 17M

vm_info: OpenJDK 64-Bit Server VM (17.0.9+9) for windows-amd64 JRE (17.0.9+9), built on Oct 26 2023 14:01:42 by "admin" with MS VC++ 16.10 / 16.11 (VS2019)

END.
